<?xml version="1.0" encoding="UTF-8"?>
<testng-results ignored="0" total="1" passed="1" failed="0" skipped="0">
  <reporter-output>
  </reporter-output>
  <suite started-at="2024-10-24T23:04:55 IST" name="Default suite" finished-at="2024-10-24T23:05:17 IST" duration-ms="22003">
    <groups>
    </groups>
    <test started-at="2024-10-24T23:04:55 IST" name="Default test" finished-at="2024-10-24T23:05:17 IST" duration-ms="22003">
      <class name="logintestpage.LoginPageTest">
        <test-method is-config="true" signature="launchURL()[pri:0, instance:logintestpage.LoginPageTest@1be2019a]" started-at="2024-10-24T23:04:55 IST" name="launchURL" finished-at="2024-10-24T23:05:12 IST" duration-ms="17046" status="PASS">
          <reporter-output>
          </reporter-output>
        </test-method> <!-- launchURL -->
        <test-method signature="login()[pri:0, instance:logintestpage.LoginPageTest@1be2019a]" started-at="2024-10-24T23:05:12 IST" name="login" finished-at="2024-10-24T23:05:17 IST" duration-ms="4827" status="PASS">
          <reporter-output>
          </reporter-output>
        </test-method> <!-- login -->
      </class> <!-- logintestpage.LoginPageTest -->
    </test> <!-- Default test -->
  </suite> <!-- Default suite -->
</testng-results>
